\BOOKMARK [1][-]{section*.2}{Application Design}{}% 1
\BOOKMARK [2][-]{section*.3}{CS-Alumni Chrome Browser Extension}{section*.2}% 2
\BOOKMARK [3][-]{section*.4}{Rational}{section*.3}% 3
\BOOKMARK [3][-]{section*.5}{Module Diagrams}{section*.3}% 4
\BOOKMARK [3][-]{section*.13}{Program Operation}{section*.3}% 5
\BOOKMARK [2][-]{section*.25}{CS-Alumni Rails Application}{section*.2}% 6
\BOOKMARK [3][-]{section*.26}{New Additions}{section*.25}% 7
\BOOKMARK [3][-]{section*.31}{Modifications}{section*.25}% 8
\BOOKMARK [1][-]{section*.37}{Application Testing}{}% 9
\BOOKMARK [2][-]{section*.38}{Rails Unit Tests}{section*.37}% 10
\BOOKMARK [2][-]{section*.40}{QUnit Tests}{section*.37}% 11
\BOOKMARK [1][-]{section*.46}{Technologies}{}% 12
\BOOKMARK [2][-]{section*.47}{CS-Alumni Chrome Browser Extension}{section*.46}% 13
\BOOKMARK [3][-]{section*.48}{HTML}{section*.47}% 14
\BOOKMARK [3][-]{section*.49}{CSS}{section*.47}% 15
\BOOKMARK [3][-]{section*.50}{JavaScript}{section*.47}% 16
\BOOKMARK [3][-]{section*.51}{Chrome Extensions API}{section*.47}% 17
\BOOKMARK [3][-]{section*.52}{Bootstrap}{section*.47}% 18
\BOOKMARK [3][-]{section*.53}{jQuery}{section*.47}% 19
\BOOKMARK [3][-]{section*.54}{Moment.js}{section*.47}% 20
\BOOKMARK [3][-]{section*.55}{Alertify.js}{section*.47}% 21
\BOOKMARK [3][-]{section*.56}{Qunit}{section*.47}% 22
\BOOKMARK [2][-]{section*.57}{CS-Alumni Rails Application}{section*.46}% 23
\BOOKMARK [3][-]{section*.58}{Ruby}{section*.57}% 24
\BOOKMARK [3][-]{section*.59}{Ruby on rails}{section*.57}% 25
\BOOKMARK [3][-]{section*.60}{Rack CORS Middleware}{section*.57}% 26
\BOOKMARK [2][-]{section*.61}{Communication Between Applications}{section*.46}% 27
\BOOKMARK [3][-]{section*.62}{RESTful Interfaces}{section*.61}% 28
\BOOKMARK [3][-]{section*.63}{Basic Authentication}{section*.61}% 29
\BOOKMARK [1][-]{section*.64}{Evaluation}{}% 30
\BOOKMARK [1][-]{section*.65}{Something Extra}{}% 31
